# JRE version: Java(TM) SE Runtime Environment (8.0_171-b11) (build 1.8.0_171-b11)
# Java VM: Java HotSpot(TM) Client VM (25.171-b11 mixed mode windows-x86 )
Heap:
 def new generation   total 9664K, used 495K [0x03800000, 0x04270000, 0x08d50000)
  eden space 8640K,   5% used [0x03800000, 0x0387be18, 0x04070000)
  from space 1024K,   0% used [0x04070000, 0x04070000, 0x04170000)
  to   space 1024K,   0% used [0x04170000, 0x04170000, 0x04270000)
 tenured generation   total 21272K, used 12761K [0x08d50000, 0x0a216000, 0x13800000)
   the space 21272K,  59% used [0x08d50000, 0x099c65a0, 0x099c6600, 0x0a216000)
 Metaspace       used 8700K, capacity 9278K, committed 9344K, reserved 9600K
GC Heap History (10 events):
Event: 8.102 GC heap before
{Heap before GC invocations=4 (full 0):
 def new generation   total 4928K, used 4666K [0x03800000, 0x03d50000, 0x08d50000)
  eden space 4416K, 100% used [0x03800000, 0x03c50000, 0x03c50000)
  from space 512K,  48% used [0x03c50000, 0x03c8eb28, 0x03cd0000)
  to   space 512K,   0% used [0x03cd0000, 0x03cd0000, 0x03d50000)
 tenured generation   total 10944K, used 2235K [0x08d50000, 0x09800000, 0x13800000)
   the space 10944K,  20% used [0x08d50000, 0x08f7eec8, 0x08f7f000, 0x09800000)
 Metaspace       used 7569K, capacity 8018K, committed 8064K, reserved 8576K
Event: 8.124 GC heap after
Heap after GC invocations=5 (full 0):
 def new generation   total 4928K, used 512K [0x03800000, 0x03d50000, 0x08d50000)
  eden space 4416K,   0% used [0x03800000, 0x03800000, 0x03c50000)
  from space 512K, 100% used [0x03cd0000, 0x03d50000, 0x03d50000)
  to   space 512K,   0% used [0x03c50000, 0x03c50000, 0x03cd0000)
 tenured generation   total 10944K, used 3547K [0x08d50000, 0x09800000, 0x13800000)
   the space 10944K,  32% used [0x08d50000, 0x090c6ed0, 0x090c7000, 0x09800000)
 Metaspace       used 7569K, capacity 8018K, committed 8064K, reserved 8576K
}
Event: 9.994 GC heap before
{Heap before GC invocations=5 (full 0):
 def new generation   total 4928K, used 3527K [0x03800000, 0x03d50000, 0x08d50000)
  eden space 4416K,  68% used [0x03800000, 0x03af1ee0, 0x03c50000)
  from space 512K, 100% used [0x03cd0000, 0x03d50000, 0x03d50000)
  to   space 512K,   0% used [0x03c50000, 0x03c50000, 0x03cd0000)
 tenured generation   total 10944K, used 3547K [0x08d50000, 0x09800000, 0x13800000)
   the space 10944K,  32% used [0x08d50000, 0x090c6ed0, 0x090c7000, 0x09800000)
 Metaspace       used 8075K, capacity 8590K, committed 8704K, reserved 9600K
Event: 10.031 GC heap after
Heap after GC invocations=6 (full 0):
 def new generation   total 4928K, used 511K [0x03800000, 0x03d50000, 0x08d50000)
  eden space 4416K,   0% used [0x03800000, 0x03800000, 0x03c50000)
  from space 512K,  99% used [0x03c50000, 0x03ccff60, 0x03cd0000)
  to   space 512K,   0% used [0x03cd0000, 0x03cd0000, 0x03d50000)
 tenured generation   total 10944K, used 4043K [0x08d50000, 0x09800000, 0x13800000)
   the space 10944K,  36% used [0x08d50000, 0x09142ff8, 0x09143000, 0x09800000)
 Metaspace       used 8075K, capacity 8590K, committed 8704K, reserved 9600K
}
Event: 10.414 GC heap before
{Heap before GC invocations=6 (full 0):
 def new generation   total 4928K, used 4927K [0x03800000, 0x03d50000, 0x08d50000)
  eden space 4416K, 100% used [0x03800000, 0x03c50000, 0x03c50000)
  from space 512K,  99% used [0x03c50000, 0x03ccff60, 0x03cd0000)
  to   space 512K,   0% used [0x03cd0000, 0x03cd0000, 0x03d50000)
 tenured generation   total 10944K, used 4043K [0x08d50000, 0x09800000, 0x13800000)
   the space 10944K,  36% used [0x08d50000, 0x09142ff8, 0x09143000, 0x09800000)
 Metaspace       used 8091K, capacity 8590K, committed 8704K, reserved 9600K
Event: 10.444 GC heap after
Heap after GC invocations=7 (full 0):
 def new generation   total 4928K, used 68K [0x03800000, 0x03d50000, 0x08d50000)
  eden space 4416K,   0% used [0x03800000, 0x03800000, 0x03c50000)
  from space 512K,  13% used [0x03cd0000, 0x03ce1358, 0x03d50000)
  to   space 512K,   0% used [0x03c50000, 0x03c50000, 0x03cd0000)
 tenured generation   total 10944K, used 8729K [0x08d50000, 0x09800000, 0x13800000)
   the space 10944K,  79% used [0x08d50000, 0x095d67b8, 0x095d6800, 0x09800000)
 Metaspace       used 8091K, capacity 8590K, committed 8704K, reserved 9600K
}
Event: 11.975 GC heap before
{Heap before GC invocations=7 (full 0):
 def new generation   total 4928K, used 3510K [0x03800000, 0x03d50000, 0x08d50000)
  eden space 4416K,  77% used [0x03800000, 0x03b5c820, 0x03c50000)
  from space 512K,  13% used [0x03cd0000, 0x03ce1358, 0x03d50000)
  to   space 512K,   0% used [0x03c50000, 0x03c50000, 0x03cd0000)
 tenured generation   total 10944K, used 8729K [0x08d50000, 0x09800000, 0x13800000)
   the space 10944K,  79% used [0x08d50000, 0x095d67b8, 0x095d6800, 0x09800000)
 Metaspace       used 8565K, capacity 9117K, committed 9216K, reserved 9600K
Event: 12.014 GC heap after
Heap after GC invocations=8 (full 0):
 def new generation   total 4928K, used 512K [0x03800000, 0x03d50000, 0x08d50000)
  eden space 4416K,   0% used [0x03800000, 0x03800000, 0x03c50000)
  from space 512K, 100% used [0x03c50000, 0x03cd0000, 0x03cd0000)
  to   space 512K,   0% used [0x03cd0000, 0x03cd0000, 0x03d50000)
 tenured generation   total 10944K, used 9070K [0x08d50000, 0x09800000, 0x13800000)
   the space 10944K,  82% used [0x08d50000, 0x0962bbb0, 0x0962bc00, 0x09800000)
 Metaspace       used 8565K, capacity 9117K, committed 9216K, reserved 9600K
}
Event: 17.116 GC heap before
{Heap before GC invocations=8 (full 0):
 def new generation   total 4928K, used 4928K [0x03800000, 0x03d50000, 0x08d50000)
  eden space 4416K, 100% used [0x03800000, 0x03c50000, 0x03c50000)
  from space 512K, 100% used [0x03c50000, 0x03cd0000, 0x03cd0000)
  to   space 512K,   0% used [0x03cd0000, 0x03cd0000, 0x03d50000)
 tenured generation   total 10944K, used 9070K [0x08d50000, 0x09800000, 0x13800000)
   the space 10944K,  82% used [0x08d50000, 0x0962bbb0, 0x0962bc00, 0x09800000)
 Metaspace       used 8690K, capacity 9253K, committed 9344K, reserved 9600K
Event: 17.340 GC heap after
Heap after GC invocations=9 (full 1):
 def new generation   total 9664K, used 0K [0x03800000, 0x04270000, 0x08d50000)
  eden space 8640K,   0% used [0x03800000, 0x03800000, 0x04070000)
  from space 1024K,   0% used [0x04070000, 0x04070000, 0x04170000)
  to   space 1024K,   0% used [0x04170000, 0x04170000, 0x04270000)
 tenured generation   total 21272K, used 12761K [0x08d50000, 0x0a216000, 0x13800000)
   the space 21272K,  59% used [0x08d50000, 0x099c65a0, 0x099c6600, 0x0a216000)
 Metaspace       used 8686K, capacity 9241K, committed 9344K, reserved 9600K
}

