# JRE version: Java(TM) SE Runtime Environment (8.0_171-b11) (build 1.8.0_171-b11)
# Java VM: Java HotSpot(TM) Client VM (25.171-b11 mixed mode windows-x86 )
Heap:
 def new generation   total 9728K, used 355K [0x03a00000, 0x04480000, 0x08f50000)
  eden space 8704K,   4% used [0x03a00000, 0x03a58e80, 0x04280000)
  from space 1024K,   0% used [0x04280000, 0x04280000, 0x04380000)
  to   space 1024K,   0% used [0x04380000, 0x04380000, 0x04480000)
 tenured generation   total 21432K, used 12858K [0x08f50000, 0x0a43e000, 0x13a00000)
   the space 21432K,  59% used [0x08f50000, 0x09bdeb08, 0x09bdec00, 0x0a43e000)
 Metaspace       used 8699K, capacity 9258K, committed 9344K, reserved 9600K
GC Heap History (10 events):
Event: 4.758 GC heap before
{Heap before GC invocations=4 (full 0):
 def new generation   total 4928K, used 4666K [0x03a00000, 0x03f50000, 0x08f50000)
  eden space 4416K, 100% used [0x03a00000, 0x03e50000, 0x03e50000)
  from space 512K,  48% used [0x03e50000, 0x03e8e8e0, 0x03ed0000)
  to   space 512K,   0% used [0x03ed0000, 0x03ed0000, 0x03f50000)
 tenured generation   total 10944K, used 2235K [0x08f50000, 0x09a00000, 0x13a00000)
   the space 10944K,  20% used [0x08f50000, 0x0917ed90, 0x0917ee00, 0x09a00000)
 Metaspace       used 7571K, capacity 8018K, committed 8064K, reserved 8576K
Event: 4.778 GC heap after
Heap after GC invocations=5 (full 0):
 def new generation   total 4928K, used 512K [0x03a00000, 0x03f50000, 0x08f50000)
  eden space 4416K,   0% used [0x03a00000, 0x03a00000, 0x03e50000)
  from space 512K, 100% used [0x03ed0000, 0x03f50000, 0x03f50000)
  to   space 512K,   0% used [0x03e50000, 0x03e50000, 0x03ed0000)
 tenured generation   total 10944K, used 3545K [0x08f50000, 0x09a00000, 0x13a00000)
   the space 10944K,  32% used [0x08f50000, 0x092c65f8, 0x092c6600, 0x09a00000)
 Metaspace       used 7571K, capacity 8018K, committed 8064K, reserved 8576K
}
Event: 6.864 GC heap before
{Heap before GC invocations=5 (full 0):
 def new generation   total 4928K, used 3683K [0x03a00000, 0x03f50000, 0x08f50000)
  eden space 4416K,  71% used [0x03a00000, 0x03d18fd0, 0x03e50000)
  from space 512K, 100% used [0x03ed0000, 0x03f50000, 0x03f50000)
  to   space 512K,   0% used [0x03e50000, 0x03e50000, 0x03ed0000)
 tenured generation   total 10944K, used 3545K [0x08f50000, 0x09a00000, 0x13a00000)
   the space 10944K,  32% used [0x08f50000, 0x092c65f8, 0x092c6600, 0x09a00000)
 Metaspace       used 8111K, capacity 8659K, committed 8704K, reserved 9600K
Event: 6.887 GC heap after
Heap after GC invocations=6 (full 0):
 def new generation   total 4928K, used 511K [0x03a00000, 0x03f50000, 0x08f50000)
  eden space 4416K,   0% used [0x03a00000, 0x03a00000, 0x03e50000)
  from space 512K,  99% used [0x03e50000, 0x03ecfec0, 0x03ed0000)
  to   space 512K,   0% used [0x03ed0000, 0x03ed0000, 0x03f50000)
 tenured generation   total 10944K, used 4066K [0x08f50000, 0x09a00000, 0x13a00000)
   the space 10944K,  37% used [0x08f50000, 0x09348880, 0x09348a00, 0x09a00000)
 Metaspace       used 8111K, capacity 8659K, committed 8704K, reserved 9600K
}
Event: 7.140 GC heap before
{Heap before GC invocations=6 (full 0):
 def new generation   total 4928K, used 4927K [0x03a00000, 0x03f50000, 0x08f50000)
  eden space 4416K, 100% used [0x03a00000, 0x03e50000, 0x03e50000)
  from space 512K,  99% used [0x03e50000, 0x03ecfec0, 0x03ed0000)
  to   space 512K,   0% used [0x03ed0000, 0x03ed0000, 0x03f50000)
 tenured generation   total 10944K, used 4066K [0x08f50000, 0x09a00000, 0x13a00000)
   the space 10944K,  37% used [0x08f50000, 0x09348880, 0x09348a00, 0x09a00000)
 Metaspace       used 8127K, capacity 8691K, committed 8704K, reserved 9600K
Event: 7.167 GC heap after
Heap after GC invocations=7 (full 0):
 def new generation   total 4928K, used 68K [0x03a00000, 0x03f50000, 0x08f50000)
  eden space 4416K,   0% used [0x03a00000, 0x03a00000, 0x03e50000)
  from space 512K,  13% used [0x03ed0000, 0x03ee1168, 0x03f50000)
  to   space 512K,   0% used [0x03e50000, 0x03e50000, 0x03ed0000)
 tenured generation   total 10944K, used 8770K [0x08f50000, 0x09a00000, 0x13a00000)
   the space 10944K,  80% used [0x08f50000, 0x097e0a98, 0x097e0c00, 0x09a00000)
 Metaspace       used 8127K, capacity 8691K, committed 8704K, reserved 9600K
}
Event: 8.240 GC heap before
{Heap before GC invocations=7 (full 0):
 def new generation   total 4928K, used 3271K [0x03a00000, 0x03f50000, 0x08f50000)
  eden space 4416K,  72% used [0x03a00000, 0x03d20e58, 0x03e50000)
  from space 512K,  13% used [0x03ed0000, 0x03ee1168, 0x03f50000)
  to   space 512K,   0% used [0x03e50000, 0x03e50000, 0x03ed0000)
 tenured generation   total 10944K, used 8770K [0x08f50000, 0x09a00000, 0x13a00000)
   the space 10944K,  80% used [0x08f50000, 0x097e0a98, 0x097e0c00, 0x09a00000)
 Metaspace       used 8561K, capacity 9117K, committed 9216K, reserved 9600K
Event: 8.266 GC heap after
Heap after GC invocations=8 (full 0):
 def new generation   total 4928K, used 512K [0x03a00000, 0x03f50000, 0x08f50000)
  eden space 4416K,   0% used [0x03a00000, 0x03a00000, 0x03e50000)
  from space 512K, 100% used [0x03e50000, 0x03ed0000, 0x03ed0000)
  to   space 512K,   0% used [0x03ed0000, 0x03ed0000, 0x03f50000)
 tenured generation   total 10944K, used 9072K [0x08f50000, 0x09a00000, 0x13a00000)
   the space 10944K,  82% used [0x08f50000, 0x0982c0d0, 0x0982c200, 0x09a00000)
 Metaspace       used 8561K, capacity 9117K, committed 9216K, reserved 9600K
}
Event: 14.436 GC heap before
{Heap before GC invocations=8 (full 0):
 def new generation   total 4928K, used 4928K [0x03a00000, 0x03f50000, 0x08f50000)
  eden space 4416K, 100% used [0x03a00000, 0x03e50000, 0x03e50000)
  from space 512K, 100% used [0x03e50000, 0x03ed0000, 0x03ed0000)
  to   space 512K,   0% used [0x03ed0000, 0x03ed0000, 0x03f50000)
 tenured generation   total 10944K, used 9072K [0x08f50000, 0x09a00000, 0x13a00000)
   the space 10944K,  82% used [0x08f50000, 0x0982c0d0, 0x0982c200, 0x09a00000)
 Metaspace       used 8677K, capacity 9228K, committed 9344K, reserved 9600K
Event: 14.562 GC heap after
Heap after GC invocations=9 (full 1):
 def new generation   total 9728K, used 0K [0x03a00000, 0x04480000, 0x08f50000)
  eden space 8704K,   0% used [0x03a00000, 0x03a00000, 0x04280000)
  from space 1024K,   0% used [0x04280000, 0x04280000, 0x04380000)
  to   space 1024K,   0% used [0x04380000, 0x04380000, 0x04480000)
 tenured generation   total 21432K, used 12858K [0x08f50000, 0x0a43e000, 0x13a00000)
   the space 21432K,  59% used [0x08f50000, 0x09bdeb08, 0x09bdec00, 0x0a43e000)
 Metaspace       used 8677K, capacity 9228K, committed 9344K, reserved 9600K
}

