# JRE version: Java(TM) SE Runtime Environment (8.0_171-b11) (build 1.8.0_171-b11)
# Java VM: Java HotSpot(TM) Client VM (25.171-b11 mixed mode windows-x86 )
Heap:
 def new generation   total 9664K, used 1148K [0x03a00000, 0x04470000, 0x08f50000)
  eden space 8640K,  13% used [0x03a00000, 0x03b1f080, 0x04270000)
  from space 1024K,   0% used [0x04270000, 0x04270000, 0x04370000)
  to   space 1024K,   0% used [0x04370000, 0x04370000, 0x04470000)
 tenured generation   total 21232K, used 12738K [0x08f50000, 0x0a40c000, 0x13a00000)
   the space 21232K,  59% used [0x08f50000, 0x09bc0840, 0x09bc0a00, 0x0a40c000)
 Metaspace       used 8685K, capacity 9213K, committed 9344K, reserved 9600K
GC Heap History (10 events):
Event: 5.193 GC heap before
{Heap before GC invocations=4 (full 0):
 def new generation   total 4928K, used 4667K [0x03a00000, 0x03f50000, 0x08f50000)
  eden space 4416K, 100% used [0x03a00000, 0x03e50000, 0x03e50000)
  from space 512K,  49% used [0x03e50000, 0x03e8ed90, 0x03ed0000)
  to   space 512K,   0% used [0x03ed0000, 0x03ed0000, 0x03f50000)
 tenured generation   total 10944K, used 2235K [0x08f50000, 0x09a00000, 0x13a00000)
   the space 10944K,  20% used [0x08f50000, 0x0917edb0, 0x0917ee00, 0x09a00000)
 Metaspace       used 7570K, capacity 8018K, committed 8064K, reserved 8576K
Event: 5.207 GC heap after
Heap after GC invocations=5 (full 0):
 def new generation   total 4928K, used 512K [0x03a00000, 0x03f50000, 0x08f50000)
  eden space 4416K,   0% used [0x03a00000, 0x03a00000, 0x03e50000)
  from space 512K, 100% used [0x03ed0000, 0x03f50000, 0x03f50000)
  to   space 512K,   0% used [0x03e50000, 0x03e50000, 0x03ed0000)
 tenured generation   total 10944K, used 3546K [0x08f50000, 0x09a00000, 0x13a00000)
   the space 10944K,  32% used [0x08f50000, 0x092c6808, 0x092c6a00, 0x09a00000)
 Metaspace       used 7570K, capacity 8018K, committed 8064K, reserved 8576K
}
Event: 13.044 GC heap before
{Heap before GC invocations=5 (full 0):
 def new generation   total 4928K, used 4138K [0x03a00000, 0x03f50000, 0x08f50000)
  eden space 4416K,  82% used [0x03a00000, 0x03d8abe8, 0x03e50000)
  from space 512K, 100% used [0x03ed0000, 0x03f50000, 0x03f50000)
  to   space 512K,   0% used [0x03e50000, 0x03e50000, 0x03ed0000)
 tenured generation   total 10944K, used 3546K [0x08f50000, 0x09a00000, 0x13a00000)
   the space 10944K,  32% used [0x08f50000, 0x092c6808, 0x092c6a00, 0x09a00000)
 Metaspace       used 8115K, capacity 8657K, committed 8704K, reserved 9600K
Event: 13.061 GC heap after
Heap after GC invocations=6 (full 0):
 def new generation   total 4928K, used 512K [0x03a00000, 0x03f50000, 0x08f50000)
  eden space 4416K,   0% used [0x03a00000, 0x03a00000, 0x03e50000)
  from space 512K, 100% used [0x03e50000, 0x03ed0000, 0x03ed0000)
  to   space 512K,   0% used [0x03ed0000, 0x03ed0000, 0x03f50000)
 tenured generation   total 10944K, used 4071K [0x08f50000, 0x09a00000, 0x13a00000)
   the space 10944K,  37% used [0x08f50000, 0x09349c58, 0x09349e00, 0x09a00000)
 Metaspace       used 8115K, capacity 8657K, committed 8704K, reserved 9600K
}
Event: 13.316 GC heap before
{Heap before GC invocations=6 (full 0):
 def new generation   total 4928K, used 4928K [0x03a00000, 0x03f50000, 0x08f50000)
  eden space 4416K, 100% used [0x03a00000, 0x03e50000, 0x03e50000)
  from space 512K, 100% used [0x03e50000, 0x03ed0000, 0x03ed0000)
  to   space 512K,   0% used [0x03ed0000, 0x03ed0000, 0x03f50000)
 tenured generation   total 10944K, used 4071K [0x08f50000, 0x09a00000, 0x13a00000)
   the space 10944K,  37% used [0x08f50000, 0x09349c58, 0x09349e00, 0x09a00000)
 Metaspace       used 8131K, capacity 8689K, committed 8704K, reserved 9600K
Event: 13.335 GC heap after
Heap after GC invocations=7 (full 0):
 def new generation   total 4928K, used 69K [0x03a00000, 0x03f50000, 0x08f50000)
  eden space 4416K,   0% used [0x03a00000, 0x03a00000, 0x03e50000)
  from space 512K,  13% used [0x03ed0000, 0x03ee14f0, 0x03f50000)
  to   space 512K,   0% used [0x03e50000, 0x03e50000, 0x03ed0000)
 tenured generation   total 10944K, used 8781K [0x08f50000, 0x09a00000, 0x13a00000)
   the space 10944K,  80% used [0x08f50000, 0x097e34e8, 0x097e3600, 0x09a00000)
 Metaspace       used 8131K, capacity 8689K, committed 8704K, reserved 9600K
}
Event: 14.599 GC heap before
{Heap before GC invocations=7 (full 0):
 def new generation   total 4928K, used 3251K [0x03a00000, 0x03f50000, 0x08f50000)
  eden space 4416K,  72% used [0x03a00000, 0x03d1b750, 0x03e50000)
  from space 512K,  13% used [0x03ed0000, 0x03ee14f0, 0x03f50000)
  to   space 512K,   0% used [0x03e50000, 0x03e50000, 0x03ed0000)
 tenured generation   total 10944K, used 8781K [0x08f50000, 0x09a00000, 0x13a00000)
   the space 10944K,  80% used [0x08f50000, 0x097e34e8, 0x097e3600, 0x09a00000)
 Metaspace       used 8565K, capacity 9115K, committed 9216K, reserved 9600K
Event: 14.622 GC heap after
Heap after GC invocations=8 (full 0):
 def new generation   total 4928K, used 512K [0x03a00000, 0x03f50000, 0x08f50000)
  eden space 4416K,   0% used [0x03a00000, 0x03a00000, 0x03e50000)
  from space 512K, 100% used [0x03e50000, 0x03ed0000, 0x03ed0000)
  to   space 512K,   0% used [0x03ed0000, 0x03ed0000, 0x03f50000)
 tenured generation   total 10944K, used 9093K [0x08f50000, 0x09a00000, 0x13a00000)
   the space 10944K,  83% used [0x08f50000, 0x098317b0, 0x09831800, 0x09a00000)
 Metaspace       used 8565K, capacity 9115K, committed 9216K, reserved 9600K
}
Event: 23.595 GC heap before
{Heap before GC invocations=8 (full 0):
 def new generation   total 4928K, used 4928K [0x03a00000, 0x03f50000, 0x08f50000)
  eden space 4416K, 100% used [0x03a00000, 0x03e50000, 0x03e50000)
  from space 512K, 100% used [0x03e50000, 0x03ed0000, 0x03ed0000)
  to   space 512K,   0% used [0x03ed0000, 0x03ed0000, 0x03f50000)
 tenured generation   total 10944K, used 9093K [0x08f50000, 0x09a00000, 0x13a00000)
   the space 10944K,  83% used [0x08f50000, 0x098317b0, 0x09831800, 0x09a00000)
 Metaspace       used 8672K, capacity 9221K, committed 9344K, reserved 9600K
Event: 23.722 GC heap after
Heap after GC invocations=9 (full 1):
 def new generation   total 9664K, used 0K [0x03a00000, 0x04470000, 0x08f50000)
  eden space 8640K,   0% used [0x03a00000, 0x03a00000, 0x04270000)
  from space 1024K,   0% used [0x04270000, 0x04270000, 0x04370000)
  to   space 1024K,   0% used [0x04370000, 0x04370000, 0x04470000)
 tenured generation   total 21232K, used 12738K [0x08f50000, 0x0a40c000, 0x13a00000)
   the space 21232K,  59% used [0x08f50000, 0x09bc0840, 0x09bc0a00, 0x0a40c000)
 Metaspace       used 8665K, capacity 9201K, committed 9344K, reserved 9600K
}

