# JRE version: Java(TM) SE Runtime Environment (8.0_102-b14) (build 1.8.0_102-b14)
# Java VM: Java HotSpot(TM) 64-Bit Server VM (25.102-b14 mixed mode windows-amd64 compressed oops)
Heap:
 PSYoungGen      total 25600K, used 13814K [0x00000000eb700000, 0x00000000ed980000, 0x0000000100000000)
  eden space 15872K, 57% used [0x00000000eb700000,0x00000000ebfd7310,0x00000000ec680000)
  from space 9728K, 48% used [0x00000000ec680000,0x00000000ecb26658,0x00000000ed000000)
  to   space 9728K, 0% used [0x00000000ed000000,0x00000000ed000000,0x00000000ed980000)
 ParOldGen       total 42496K, used 16356K [0x00000000c2400000, 0x00000000c4d80000, 0x00000000eb700000)
  object space 42496K, 38% used [0x00000000c2400000,0x00000000c33f9028,0x00000000c4d80000)
 Metaspace       used 15560K, capacity 16298K, committed 16512K, reserved 1062912K
  class space    used 2111K, capacity 2307K, committed 2432K, reserved 1048576K
GC Heap History (10 events):
Event: 24.215 GC heap before
{Heap before GC invocations=3 (full 0):
 PSYoungGen      total 18432K, used 18415K [0x00000000eb700000, 0x00000000ecb80000, 0x0000000100000000)
  eden space 15872K, 100% used [0x00000000eb700000,0x00000000ec680000,0x00000000ec680000)
  from space 2560K, 99% used [0x00000000ec900000,0x00000000ecb7bcf0,0x00000000ecb80000)
  to   space 2560K, 0% used [0x00000000ec680000,0x00000000ec680000,0x00000000ec900000)
 ParOldGen       total 42496K, used 5510K [0x00000000c2400000, 0x00000000c4d80000, 0x00000000eb700000)
  object space 42496K, 12% used [0x00000000c2400000,0x00000000c2961a50,0x00000000c4d80000)
 Metaspace       used 14892K, capacity 15616K, committed 15872K, reserved 1062912K
  class space    used 2100K, capacity 2302K, committed 2304K, reserved 1048576K
Event: 24.237 GC heap after
Heap after GC invocations=3 (full 0):
 PSYoungGen      total 18432K, used 2528K [0x00000000eb700000, 0x00000000ecb80000, 0x0000000100000000)
  eden space 15872K, 0% used [0x00000000eb700000,0x00000000eb700000,0x00000000ec680000)
  from space 2560K, 98% used [0x00000000ec680000,0x00000000ec8f8020,0x00000000ec900000)
  to   space 2560K, 0% used [0x00000000ec900000,0x00000000ec900000,0x00000000ecb80000)
 ParOldGen       total 42496K, used 11639K [0x00000000c2400000, 0x00000000c4d80000, 0x00000000eb700000)
  object space 42496K, 27% used [0x00000000c2400000,0x00000000c2f5ddf8,0x00000000c4d80000)
 Metaspace       used 14892K, capacity 15616K, committed 15872K, reserved 1062912K
  class space    used 2100K, capacity 2302K, committed 2304K, reserved 1048576K
}
Event: 29.605 GC heap before
{Heap before GC invocations=4 (full 0):
 PSYoungGen      total 18432K, used 18381K [0x00000000eb700000, 0x00000000ecb80000, 0x0000000100000000)
  eden space 15872K, 99% used [0x00000000eb700000,0x00000000ec67b700,0x00000000ec680000)
  from space 2560K, 98% used [0x00000000ec680000,0x00000000ec8f8020,0x00000000ec900000)
  to   space 2560K, 0% used [0x00000000ec900000,0x00000000ec900000,0x00000000ecb80000)
 ParOldGen       total 42496K, used 11639K [0x00000000c2400000, 0x00000000c4d80000, 0x00000000eb700000)
  object space 42496K, 27% used [0x00000000c2400000,0x00000000c2f5ddf8,0x00000000c4d80000)
 Metaspace       used 15024K, capacity 15744K, committed 15872K, reserved 1062912K
  class space    used 2101K, capacity 2302K, committed 2304K, reserved 1048576K
Event: 29.626 GC heap after
Heap after GC invocations=4 (full 0):
 PSYoungGen      total 18432K, used 2539K [0x00000000eb700000, 0x00000000ecb80000, 0x0000000100000000)
  eden space 15872K, 0% used [0x00000000eb700000,0x00000000eb700000,0x00000000ec680000)
  from space 2560K, 99% used [0x00000000ec900000,0x00000000ecb7af78,0x00000000ecb80000)
  to   space 2560K, 0% used [0x00000000ec680000,0x00000000ec680000,0x00000000ec900000)
 ParOldGen       total 42496K, used 13219K [0x00000000c2400000, 0x00000000c4d80000, 0x00000000eb700000)
  object space 42496K, 31% used [0x00000000c2400000,0x00000000c30e8c70,0x00000000c4d80000)
 Metaspace       used 15024K, capacity 15744K, committed 15872K, reserved 1062912K
  class space    used 2101K, capacity 2302K, committed 2304K, reserved 1048576K
}
Event: 31.269 GC heap before
{Heap before GC invocations=5 (full 0):
 PSYoungGen      total 18432K, used 18411K [0x00000000eb700000, 0x00000000ecb80000, 0x0000000100000000)
  eden space 15872K, 99% used [0x00000000eb700000,0x00000000ec67ff40,0x00000000ec680000)
  from space 2560K, 99% used [0x00000000ec900000,0x00000000ecb7af78,0x00000000ecb80000)
  to   space 2560K, 0% used [0x00000000ec680000,0x00000000ec680000,0x00000000ec900000)
 ParOldGen       total 42496K, used 13219K [0x00000000c2400000, 0x00000000c4d80000, 0x00000000eb700000)
  object space 42496K, 31% used [0x00000000c2400000,0x00000000c30e8c70,0x00000000c4d80000)
 Metaspace       used 15086K, capacity 15812K, committed 15872K, reserved 1062912K
  class space    used 2101K, capacity 2302K, committed 2304K, reserved 1048576K
Event: 31.290 GC heap after
Heap after GC invocations=5 (full 0):
 PSYoungGen      total 18432K, used 2550K [0x00000000eb700000, 0x00000000eda80000, 0x0000000100000000)
  eden space 15872K, 0% used [0x00000000eb700000,0x00000000eb700000,0x00000000ec680000)
  from space 2560K, 99% used [0x00000000ec680000,0x00000000ec8fda50,0x00000000ec900000)
  to   space 10240K, 0% used [0x00000000ed080000,0x00000000ed080000,0x00000000eda80000)
 ParOldGen       total 42496K, used 15010K [0x00000000c2400000, 0x00000000c4d80000, 0x00000000eb700000)
  object space 42496K, 35% used [0x00000000c2400000,0x00000000c32a8bf0,0x00000000c4d80000)
 Metaspace       used 15086K, capacity 15812K, committed 15872K, reserved 1062912K
  class space    used 2101K, capacity 2302K, committed 2304K, reserved 1048576K
}
Event: 42.086 GC heap before
{Heap before GC invocations=6 (full 0):
 PSYoungGen      total 18432K, used 18375K [0x00000000eb700000, 0x00000000eda80000, 0x0000000100000000)
  eden space 15872K, 99% used [0x00000000eb700000,0x00000000ec674350,0x00000000ec680000)
  from space 2560K, 99% used [0x00000000ec680000,0x00000000ec8fda50,0x00000000ec900000)
  to   space 10240K, 0% used [0x00000000ed080000,0x00000000ed080000,0x00000000eda80000)
 ParOldGen       total 42496K, used 15010K [0x00000000c2400000, 0x00000000c4d80000, 0x00000000eb700000)
  object space 42496K, 35% used [0x00000000c2400000,0x00000000c32a8bf0,0x00000000c4d80000)
 Metaspace       used 15343K, capacity 16008K, committed 16128K, reserved 1062912K
  class space    used 2101K, capacity 2302K, committed 2304K, reserved 1048576K
Event: 42.123 GC heap after
Heap after GC invocations=6 (full 0):
 PSYoungGen      total 25088K, used 4472K [0x00000000eb700000, 0x00000000ed980000, 0x0000000100000000)
  eden space 15872K, 0% used [0x00000000eb700000,0x00000000eb700000,0x00000000ec680000)
  from space 9216K, 48% used [0x00000000ed080000,0x00000000ed4de0f0,0x00000000ed980000)
  to   space 9728K, 0% used [0x00000000ec680000,0x00000000ec680000,0x00000000ed000000)
 ParOldGen       total 42496K, used 15018K [0x00000000c2400000, 0x00000000c4d80000, 0x00000000eb700000)
  object space 42496K, 35% used [0x00000000c2400000,0x00000000c32aabf0,0x00000000c4d80000)
 Metaspace       used 15343K, capacity 16008K, committed 16128K, reserved 1062912K
  class space    used 2101K, capacity 2302K, committed 2304K, reserved 1048576K
}
Event: 43.998 GC heap before
{Heap before GC invocations=7 (full 0):
 PSYoungGen      total 25088K, used 20344K [0x00000000eb700000, 0x00000000ed980000, 0x0000000100000000)
  eden space 15872K, 100% used [0x00000000eb700000,0x00000000ec680000,0x00000000ec680000)
  from space 9216K, 48% used [0x00000000ed080000,0x00000000ed4de0f0,0x00000000ed980000)
  to   space 9728K, 0% used [0x00000000ec680000,0x00000000ec680000,0x00000000ed000000)
 ParOldGen       total 42496K, used 15018K [0x00000000c2400000, 0x00000000c4d80000, 0x00000000eb700000)
  object space 42496K, 35% used [0x00000000c2400000,0x00000000c32aabf0,0x00000000c4d80000)
 Metaspace       used 15407K, capacity 16136K, committed 16384K, reserved 1062912K
  class space    used 2102K, capacity 2302K, committed 2304K, reserved 1048576K
Event: 44.012 GC heap after
Heap after GC invocations=7 (full 0):
 PSYoungGen      total 25600K, used 4761K [0x00000000eb700000, 0x00000000ed980000, 0x0000000100000000)
  eden space 15872K, 0% used [0x00000000eb700000,0x00000000eb700000,0x00000000ec680000)
  from space 9728K, 48% used [0x00000000ec680000,0x00000000ecb26658,0x00000000ed000000)
  to   space 9728K, 0% used [0x00000000ed000000,0x00000000ed000000,0x00000000ed980000)
 ParOldGen       total 42496K, used 16356K [0x00000000c2400000, 0x00000000c4d80000, 0x00000000eb700000)
  object space 42496K, 38% used [0x00000000c2400000,0x00000000c33f9028,0x00000000c4d80000)
 Metaspace       used 15407K, capacity 16136K, committed 16384K, reserved 1062912K
  class space    used 2102K, capacity 2302K, committed 2304K, reserved 1048576K
}

