# JRE version: Java(TM) SE Runtime Environment (8.0_171-b11) (build 1.8.0_171-b11)
# Java VM: Java HotSpot(TM) Client VM (25.171-b11 mixed mode windows-x86 )
Heap:
 def new generation   total 9024K, used 2248K [0x03a00000, 0x043c0000, 0x08f50000)
  eden space 8064K,  15% used [0x03a00000, 0x03b42268, 0x041e0000)
  from space 960K, 100% used [0x042d0000, 0x043c0000, 0x043c0000)
  to   space 960K,   0% used [0x041e0000, 0x041e0000, 0x042d0000)
 tenured generation   total 19892K, used 17005K [0x08f50000, 0x0a2bd000, 0x13a00000)
   the space 19892K,  85% used [0x08f50000, 0x09feb618, 0x09feb800, 0x0a2bd000)
 Metaspace       used 9051K, capacity 9673K, committed 9728K, reserved 10624K
GC Heap History (10 events):
Event: 21.430 GC heap before
{Heap before GC invocations=8 (full 1):
 def new generation   total 9024K, used 8064K [0x03a00000, 0x043c0000, 0x08f50000)
  eden space 8064K, 100% used [0x03a00000, 0x041e0000, 0x041e0000)
  from space 960K,   0% used [0x041e0000, 0x041e0000, 0x042d0000)
  to   space 960K,   0% used [0x042d0000, 0x042d0000, 0x043c0000)
 tenured generation   total 19892K, used 11932K [0x08f50000, 0x0a2bd000, 0x13a00000)
   the space 19892K,  59% used [0x08f50000, 0x09af73e8, 0x09af7400, 0x0a2bd000)
 Metaspace       used 8694K, capacity 9258K, committed 9344K, reserved 9600K
Event: 21.506 GC heap after
Heap after GC invocations=9 (full 1):
 def new generation   total 9024K, used 960K [0x03a00000, 0x043c0000, 0x08f50000)
  eden space 8064K,   0% used [0x03a00000, 0x03a00000, 0x041e0000)
  from space 960K, 100% used [0x042d0000, 0x043c0000, 0x043c0000)
  to   space 960K,   0% used [0x041e0000, 0x041e0000, 0x042d0000)
 tenured generation   total 19892K, used 13311K [0x08f50000, 0x0a2bd000, 0x13a00000)
   the space 19892K,  66% used [0x08f50000, 0x09c4fe50, 0x09c50000, 0x0a2bd000)
 Metaspace       used 8694K, capacity 9258K, committed 9344K, reserved 9600K
}
Event: 31.600 GC heap before
{Heap before GC invocations=9 (full 1):
 def new generation   total 9024K, used 9024K [0x03a00000, 0x043c0000, 0x08f50000)
  eden space 8064K, 100% used [0x03a00000, 0x041e0000, 0x041e0000)
  from space 960K, 100% used [0x042d0000, 0x043c0000, 0x043c0000)
  to   space 960K,   0% used [0x041e0000, 0x041e0000, 0x042d0000)
 tenured generation   total 19892K, used 13311K [0x08f50000, 0x0a2bd000, 0x13a00000)
   the space 19892K,  66% used [0x08f50000, 0x09c4fe50, 0x09c50000, 0x0a2bd000)
 Metaspace       used 8698K, capacity 9263K, committed 9344K, reserved 9600K
Event: 31.651 GC heap after
Heap after GC invocations=10 (full 1):
 def new generation   total 9024K, used 600K [0x03a00000, 0x043c0000, 0x08f50000)
  eden space 8064K,   0% used [0x03a00000, 0x03a00000, 0x041e0000)
  from space 960K,  62% used [0x041e0000, 0x04276328, 0x042d0000)
  to   space 960K,   0% used [0x042d0000, 0x042d0000, 0x043c0000)
 tenured generation   total 19892K, used 14263K [0x08f50000, 0x0a2bd000, 0x13a00000)
   the space 19892K,  71% used [0x08f50000, 0x09d3dcc0, 0x09d3de00, 0x0a2bd000)
 Metaspace       used 8698K, capacity 9263K, committed 9344K, reserved 9600K
}
Event: 38.544 GC heap before
{Heap before GC invocations=10 (full 1):
 def new generation   total 9024K, used 8664K [0x03a00000, 0x043c0000, 0x08f50000)
  eden space 8064K, 100% used [0x03a00000, 0x041e0000, 0x041e0000)
  from space 960K,  62% used [0x041e0000, 0x04276328, 0x042d0000)
  to   space 960K,   0% used [0x042d0000, 0x042d0000, 0x043c0000)
 tenured generation   total 19892K, used 14263K [0x08f50000, 0x0a2bd000, 0x13a00000)
   the space 19892K,  71% used [0x08f50000, 0x09d3dcc0, 0x09d3de00, 0x0a2bd000)
 Metaspace       used 8920K, capacity 9502K, committed 9600K, reserved 9600K
Event: 38.577 GC heap after
Heap after GC invocations=11 (full 1):
 def new generation   total 9024K, used 664K [0x03a00000, 0x043c0000, 0x08f50000)
  eden space 8064K,   0% used [0x03a00000, 0x03a00000, 0x041e0000)
  from space 960K,  69% used [0x042d0000, 0x04376240, 0x043c0000)
  to   space 960K,   0% used [0x041e0000, 0x041e0000, 0x042d0000)
 tenured generation   total 19892K, used 14552K [0x08f50000, 0x0a2bd000, 0x13a00000)
   the space 19892K,  73% used [0x08f50000, 0x09d862d0, 0x09d86400, 0x0a2bd000)
 Metaspace       used 8920K, capacity 9502K, committed 9600K, reserved 9600K
}
Event: 51.704 GC heap before
{Heap before GC invocations=11 (full 1):
 def new generation   total 9024K, used 8728K [0x03a00000, 0x043c0000, 0x08f50000)
  eden space 8064K, 100% used [0x03a00000, 0x041e0000, 0x041e0000)
  from space 960K,  69% used [0x042d0000, 0x04376240, 0x043c0000)
  to   space 960K,   0% used [0x041e0000, 0x041e0000, 0x042d0000)
 tenured generation   total 19892K, used 14552K [0x08f50000, 0x0a2bd000, 0x13a00000)
   the space 19892K,  73% used [0x08f50000, 0x09d862d0, 0x09d86400, 0x0a2bd000)
 Metaspace       used 9028K, capacity 9631K, committed 9728K, reserved 10624K
Event: 51.758 GC heap after
Heap after GC invocations=12 (full 1):
 def new generation   total 9024K, used 960K [0x03a00000, 0x043c0000, 0x08f50000)
  eden space 8064K,   0% used [0x03a00000, 0x03a00000, 0x041e0000)
  from space 960K, 100% used [0x041e0000, 0x042d0000, 0x042d0000)
  to   space 960K,   0% used [0x042d0000, 0x042d0000, 0x043c0000)
 tenured generation   total 19892K, used 15722K [0x08f50000, 0x0a2bd000, 0x13a00000)
   the space 19892K,  79% used [0x08f50000, 0x09eaa850, 0x09eaaa00, 0x0a2bd000)
 Metaspace       used 9028K, capacity 9631K, committed 9728K, reserved 10624K
}
Event: 61.328 GC heap before
{Heap before GC invocations=12 (full 1):
 def new generation   total 9024K, used 9024K [0x03a00000, 0x043c0000, 0x08f50000)
  eden space 8064K, 100% used [0x03a00000, 0x041e0000, 0x041e0000)
  from space 960K, 100% used [0x041e0000, 0x042d0000, 0x042d0000)
  to   space 960K,   0% used [0x042d0000, 0x042d0000, 0x043c0000)
 tenured generation   total 19892K, used 15722K [0x08f50000, 0x0a2bd000, 0x13a00000)
   the space 19892K,  79% used [0x08f50000, 0x09eaa850, 0x09eaaa00, 0x0a2bd000)
 Metaspace       used 9031K, capacity 9631K, committed 9728K, reserved 10624K
Event: 61.395 GC heap after
Heap after GC invocations=13 (full 1):
 def new generation   total 9024K, used 960K [0x03a00000, 0x043c0000, 0x08f50000)
  eden space 8064K,   0% used [0x03a00000, 0x03a00000, 0x041e0000)
  from space 960K, 100% used [0x042d0000, 0x043c0000, 0x043c0000)
  to   space 960K,   0% used [0x041e0000, 0x041e0000, 0x042d0000)
 tenured generation   total 19892K, used 17005K [0x08f50000, 0x0a2bd000, 0x13a00000)
   the space 19892K,  85% used [0x08f50000, 0x09feb618, 0x09feb800, 0x0a2bd000)
 Metaspace       used 9031K, capacity 9631K, committed 9728K, reserved 10624K
}

