# JRE version: Java(TM) SE Runtime Environment (8.0_102-b14) (build 1.8.0_102-b14)
# Java VM: Java HotSpot(TM) 64-Bit Server VM (25.102-b14 mixed mode windows-amd64 compressed oops)
Heap:
 PSYoungGen      total 26624K, used 5744K [0x00000000eb700000, 0x00000000ee900000, 0x0000000100000000)
  eden space 16384K, 5% used [0x00000000eb700000,0x00000000eb7de578,0x00000000ec700000)
  from space 10240K, 47% used [0x00000000ed080000,0x00000000ed53de80,0x00000000eda80000)
  to   space 9728K, 0% used [0x00000000ec700000,0x00000000ec700000,0x00000000ed080000)
 ParOldGen       total 42496K, used 16154K [0x00000000c2400000, 0x00000000c4d80000, 0x00000000eb700000)
  object space 42496K, 38% used [0x00000000c2400000,0x00000000c33c6bc0,0x00000000c4d80000)
 Metaspace       used 15724K, capacity 16420K, committed 16768K, reserved 1062912K
  class space    used 2114K, capacity 2306K, committed 2432K, reserved 1048576K
GC Heap History (10 events):
Event: 2.763 GC heap before
{Heap before GC invocations=2 (full 0):
 PSYoungGen      total 18432K, used 16588K [0x00000000eb700000, 0x00000000edb00000, 0x0000000100000000)
  eden space 15872K, 88% used [0x00000000eb700000,0x00000000ec4b7090,0x00000000ec680000)
  from space 2560K, 99% used [0x00000000ec680000,0x00000000ec8fc030,0x00000000ec900000)
  to   space 2560K, 0% used [0x00000000ed880000,0x00000000ed880000,0x00000000edb00000)
 ParOldGen       total 42496K, used 189K [0x00000000c2400000, 0x00000000c4d80000, 0x00000000eb700000)
  object space 42496K, 0% used [0x00000000c2400000,0x00000000c242f4f0,0x00000000c4d80000)
 Metaspace       used 13288K, capacity 13942K, committed 14208K, reserved 1060864K
  class space    used 1861K, capacity 2059K, committed 2176K, reserved 1048576K
Event: 2.773 GC heap after
Heap after GC invocations=2 (full 0):
 PSYoungGen      total 18432K, used 2543K [0x00000000eb700000, 0x00000000edb00000, 0x0000000100000000)
  eden space 15872K, 0% used [0x00000000eb700000,0x00000000eb700000,0x00000000ec680000)
  from space 2560K, 99% used [0x00000000ed880000,0x00000000edafbce0,0x00000000edb00000)
  to   space 2560K, 0% used [0x00000000ec680000,0x00000000ec680000,0x00000000ec900000)
 ParOldGen       total 42496K, used 5527K [0x00000000c2400000, 0x00000000c4d80000, 0x00000000eb700000)
  object space 42496K, 13% used [0x00000000c2400000,0x00000000c2965ef8,0x00000000c4d80000)
 Metaspace       used 13288K, capacity 13942K, committed 14208K, reserved 1060864K
  class space    used 1861K, capacity 2059K, committed 2176K, reserved 1048576K
}
Event: 11.780 GC heap before
{Heap before GC invocations=3 (full 0):
 PSYoungGen      total 18432K, used 18415K [0x00000000eb700000, 0x00000000edb00000, 0x0000000100000000)
  eden space 15872K, 100% used [0x00000000eb700000,0x00000000ec680000,0x00000000ec680000)
  from space 2560K, 99% used [0x00000000ed880000,0x00000000edafbce0,0x00000000edb00000)
  to   space 2560K, 0% used [0x00000000ec680000,0x00000000ec680000,0x00000000ec900000)
 ParOldGen       total 42496K, used 5527K [0x00000000c2400000, 0x00000000c4d80000, 0x00000000eb700000)
  object space 42496K, 13% used [0x00000000c2400000,0x00000000c2965ef8,0x00000000c4d80000)
 Metaspace       used 15275K, capacity 15996K, committed 16128K, reserved 1062912K
  class space    used 2108K, capacity 2302K, committed 2304K, reserved 1048576K
Event: 11.810 GC heap after
Heap after GC invocations=3 (full 0):
 PSYoungGen      total 18432K, used 2559K [0x00000000eb700000, 0x00000000ed900000, 0x0000000100000000)
  eden space 15872K, 0% used [0x00000000eb700000,0x00000000eb700000,0x00000000ec680000)
  from space 2560K, 99% used [0x00000000ec680000,0x00000000ec8ffcf0,0x00000000ec900000)
  to   space 2560K, 0% used [0x00000000ed680000,0x00000000ed680000,0x00000000ed900000)
 ParOldGen       total 42496K, used 11517K [0x00000000c2400000, 0x00000000c4d80000, 0x00000000eb700000)
  object space 42496K, 27% used [0x00000000c2400000,0x00000000c2f3f738,0x00000000c4d80000)
 Metaspace       used 15275K, capacity 15996K, committed 16128K, reserved 1062912K
  class space    used 2108K, capacity 2302K, committed 2304K, reserved 1048576K
}
Event: 14.514 GC heap before
{Heap before GC invocations=4 (full 0):
 PSYoungGen      total 18432K, used 18431K [0x00000000eb700000, 0x00000000ed900000, 0x0000000100000000)
  eden space 15872K, 100% used [0x00000000eb700000,0x00000000ec680000,0x00000000ec680000)
  from space 2560K, 99% used [0x00000000ec680000,0x00000000ec8ffcf0,0x00000000ec900000)
  to   space 2560K, 0% used [0x00000000ed680000,0x00000000ed680000,0x00000000ed900000)
 ParOldGen       total 42496K, used 11517K [0x00000000c2400000, 0x00000000c4d80000, 0x00000000eb700000)
  object space 42496K, 27% used [0x00000000c2400000,0x00000000c2f3f738,0x00000000c4d80000)
 Metaspace       used 15568K, capacity 16316K, committed 16384K, reserved 1062912K
  class space    used 2108K, capacity 2302K, committed 2304K, reserved 1048576K
Event: 14.543 GC heap after
Heap after GC invocations=4 (full 0):
 PSYoungGen      total 18432K, used 2543K [0x00000000eb700000, 0x00000000ed900000, 0x0000000100000000)
  eden space 15872K, 0% used [0x00000000eb700000,0x00000000eb700000,0x00000000ec680000)
  from space 2560K, 99% used [0x00000000ed680000,0x00000000ed8fbce0,0x00000000ed900000)
  to   space 2560K, 0% used [0x00000000ec680000,0x00000000ec680000,0x00000000ec900000)
 ParOldGen       total 42496K, used 13826K [0x00000000c2400000, 0x00000000c4d80000, 0x00000000eb700000)
  object space 42496K, 32% used [0x00000000c2400000,0x00000000c3180a10,0x00000000c4d80000)
 Metaspace       used 15568K, capacity 16316K, committed 16384K, reserved 1062912K
  class space    used 2108K, capacity 2302K, committed 2304K, reserved 1048576K
}
Event: 15.736 GC heap before
{Heap before GC invocations=5 (full 0):
 PSYoungGen      total 18432K, used 18415K [0x00000000eb700000, 0x00000000ed900000, 0x0000000100000000)
  eden space 15872K, 100% used [0x00000000eb700000,0x00000000ec680000,0x00000000ec680000)
  from space 2560K, 99% used [0x00000000ed680000,0x00000000ed8fbce0,0x00000000ed900000)
  to   space 2560K, 0% used [0x00000000ec680000,0x00000000ec680000,0x00000000ec900000)
 ParOldGen       total 42496K, used 13826K [0x00000000c2400000, 0x00000000c4d80000, 0x00000000eb700000)
  object space 42496K, 32% used [0x00000000c2400000,0x00000000c3180a10,0x00000000c4d80000)
 Metaspace       used 15611K, capacity 16320K, committed 16384K, reserved 1062912K
  class space    used 2108K, capacity 2302K, committed 2304K, reserved 1048576K
Event: 15.754 GC heap after
Heap after GC invocations=5 (full 0):
 PSYoungGen      total 18432K, used 2543K [0x00000000eb700000, 0x00000000eda80000, 0x0000000100000000)
  eden space 15872K, 0% used [0x00000000eb700000,0x00000000eb700000,0x00000000ec680000)
  from space 2560K, 99% used [0x00000000ec680000,0x00000000ec8fbd00,0x00000000ec900000)
  to   space 10240K, 0% used [0x00000000ed080000,0x00000000ed080000,0x00000000eda80000)
 ParOldGen       total 42496K, used 16154K [0x00000000c2400000, 0x00000000c4d80000, 0x00000000eb700000)
  object space 42496K, 38% used [0x00000000c2400000,0x00000000c33c6bc0,0x00000000c4d80000)
 Metaspace       used 15611K, capacity 16320K, committed 16384K, reserved 1062912K
  class space    used 2108K, capacity 2302K, committed 2304K, reserved 1048576K
}
Event: 17.492 GC heap before
{Heap before GC invocations=6 (full 0):
 PSYoungGen      total 18432K, used 18415K [0x00000000eb700000, 0x00000000eda80000, 0x0000000100000000)
  eden space 15872K, 100% used [0x00000000eb700000,0x00000000ec680000,0x00000000ec680000)
  from space 2560K, 99% used [0x00000000ec680000,0x00000000ec8fbd00,0x00000000ec900000)
  to   space 10240K, 0% used [0x00000000ed080000,0x00000000ed080000,0x00000000eda80000)
 ParOldGen       total 42496K, used 16154K [0x00000000c2400000, 0x00000000c4d80000, 0x00000000eb700000)
  object space 42496K, 38% used [0x00000000c2400000,0x00000000c33c6bc0,0x00000000c4d80000)
 Metaspace       used 15673K, capacity 16392K, committed 16640K, reserved 1062912K
  class space    used 2108K, capacity 2302K, committed 2304K, reserved 1048576K
Event: 17.517 GC heap after
Heap after GC invocations=6 (full 0):
 PSYoungGen      total 26624K, used 4855K [0x00000000eb700000, 0x00000000ee900000, 0x0000000100000000)
  eden space 16384K, 0% used [0x00000000eb700000,0x00000000eb700000,0x00000000ec700000)
  from space 10240K, 47% used [0x00000000ed080000,0x00000000ed53de80,0x00000000eda80000)
  to   space 9728K, 0% used [0x00000000ec700000,0x00000000ec700000,0x00000000ed080000)
 ParOldGen       total 42496K, used 16154K [0x00000000c2400000, 0x00000000c4d80000, 0x00000000eb700000)
  object space 42496K, 38% used [0x00000000c2400000,0x00000000c33c6bc0,0x00000000c4d80000)
 Metaspace       used 15673K, capacity 16392K, committed 16640K, reserved 1062912K
  class space    used 2108K, capacity 2302K, committed 2304K, reserved 1048576K
}

