# JRE version: Java(TM) SE Runtime Environment (8.0_171-b11) (build 1.8.0_171-b11)
# Java VM: Java HotSpot(TM) Client VM (25.171-b11 mixed mode windows-x86 )
Heap:
 def new generation   total 9664K, used 519K [0x03a00000, 0x04470000, 0x08f50000)
  eden space 8640K,   6% used [0x03a00000, 0x03a81fa8, 0x04270000)
  from space 1024K,   0% used [0x04270000, 0x04270000, 0x04370000)
  to   space 1024K,   0% used [0x04370000, 0x04370000, 0x04470000)
 tenured generation   total 21296K, used 12777K [0x08f50000, 0x0a41c000, 0x13a00000)
   the space 21296K,  59% used [0x08f50000, 0x09bca510, 0x09bca600, 0x0a41c000)
 Metaspace       used 8685K, capacity 9216K, committed 9344K, reserved 9600K
GC Heap History (10 events):
Event: 9.450 GC heap before
{Heap before GC invocations=4 (full 0):
 def new generation   total 4928K, used 4666K [0x03a00000, 0x03f50000, 0x08f50000)
  eden space 4416K, 100% used [0x03a00000, 0x03e50000, 0x03e50000)
  from space 512K,  48% used [0x03e50000, 0x03e8eb38, 0x03ed0000)
  to   space 512K,   0% used [0x03ed0000, 0x03ed0000, 0x03f50000)
 tenured generation   total 10944K, used 2235K [0x08f50000, 0x09a00000, 0x13a00000)
   the space 10944K,  20% used [0x08f50000, 0x0917ed10, 0x0917ee00, 0x09a00000)
 Metaspace       used 7582K, capacity 8050K, committed 8064K, reserved 8576K
Event: 9.475 GC heap after
Heap after GC invocations=5 (full 0):
 def new generation   total 4928K, used 512K [0x03a00000, 0x03f50000, 0x08f50000)
  eden space 4416K,   0% used [0x03a00000, 0x03a00000, 0x03e50000)
  from space 512K, 100% used [0x03ed0000, 0x03f50000, 0x03f50000)
  to   space 512K,   0% used [0x03e50000, 0x03e50000, 0x03ed0000)
 tenured generation   total 10944K, used 3545K [0x08f50000, 0x09a00000, 0x13a00000)
   the space 10944K,  32% used [0x08f50000, 0x092c6658, 0x092c6800, 0x09a00000)
 Metaspace       used 7582K, capacity 8050K, committed 8064K, reserved 8576K
}
Event: 18.944 GC heap before
{Heap before GC invocations=5 (full 0):
 def new generation   total 4928K, used 3907K [0x03a00000, 0x03f50000, 0x08f50000)
  eden space 4416K,  76% used [0x03a00000, 0x03d50e78, 0x03e50000)
  from space 512K, 100% used [0x03ed0000, 0x03f50000, 0x03f50000)
  to   space 512K,   0% used [0x03e50000, 0x03e50000, 0x03ed0000)
 tenured generation   total 10944K, used 3545K [0x08f50000, 0x09a00000, 0x13a00000)
   the space 10944K,  32% used [0x08f50000, 0x092c6658, 0x092c6800, 0x09a00000)
 Metaspace       used 8075K, capacity 8590K, committed 8704K, reserved 9600K
Event: 18.971 GC heap after
Heap after GC invocations=6 (full 0):
 def new generation   total 4928K, used 511K [0x03a00000, 0x03f50000, 0x08f50000)
  eden space 4416K,   0% used [0x03a00000, 0x03a00000, 0x03e50000)
  from space 512K,  99% used [0x03e50000, 0x03ecfef8, 0x03ed0000)
  to   space 512K,   0% used [0x03ed0000, 0x03ed0000, 0x03f50000)
 tenured generation   total 10944K, used 4052K [0x08f50000, 0x09a00000, 0x13a00000)
   the space 10944K,  37% used [0x08f50000, 0x09345020, 0x09345200, 0x09a00000)
 Metaspace       used 8075K, capacity 8590K, committed 8704K, reserved 9600K
}
Event: 19.302 GC heap before
{Heap before GC invocations=6 (full 0):
 def new generation   total 4928K, used 4927K [0x03a00000, 0x03f50000, 0x08f50000)
  eden space 4416K, 100% used [0x03a00000, 0x03e50000, 0x03e50000)
  from space 512K,  99% used [0x03e50000, 0x03ecfef8, 0x03ed0000)
  to   space 512K,   0% used [0x03ed0000, 0x03ed0000, 0x03f50000)
 tenured generation   total 10944K, used 4052K [0x08f50000, 0x09a00000, 0x13a00000)
   the space 10944K,  37% used [0x08f50000, 0x09345020, 0x09345200, 0x09a00000)
 Metaspace       used 8090K, capacity 8590K, committed 8704K, reserved 9600K
Event: 19.331 GC heap after
Heap after GC invocations=7 (full 0):
 def new generation   total 4928K, used 69K [0x03a00000, 0x03f50000, 0x08f50000)
  eden space 4416K,   0% used [0x03a00000, 0x03a00000, 0x03e50000)
  from space 512K,  13% used [0x03ed0000, 0x03ee1508, 0x03f50000)
  to   space 512K,   0% used [0x03e50000, 0x03e50000, 0x03ed0000)
 tenured generation   total 10944K, used 8746K [0x08f50000, 0x09a00000, 0x13a00000)
   the space 10944K,  79% used [0x08f50000, 0x097da820, 0x097daa00, 0x09a00000)
 Metaspace       used 8090K, capacity 8590K, committed 8704K, reserved 9600K
}
Event: 20.316 GC heap before
{Heap before GC invocations=7 (full 0):
 def new generation   total 4928K, used 3407K [0x03a00000, 0x03f50000, 0x08f50000)
  eden space 4416K,  75% used [0x03a00000, 0x03d427c0, 0x03e50000)
  from space 512K,  13% used [0x03ed0000, 0x03ee1508, 0x03f50000)
  to   space 512K,   0% used [0x03e50000, 0x03e50000, 0x03ed0000)
 tenured generation   total 10944K, used 8746K [0x08f50000, 0x09a00000, 0x13a00000)
   the space 10944K,  79% used [0x08f50000, 0x097da820, 0x097daa00, 0x09a00000)
 Metaspace       used 8566K, capacity 9117K, committed 9216K, reserved 9600K
Event: 20.350 GC heap after
Heap after GC invocations=8 (full 0):
 def new generation   total 4928K, used 512K [0x03a00000, 0x03f50000, 0x08f50000)
  eden space 4416K,   0% used [0x03a00000, 0x03a00000, 0x03e50000)
  from space 512K, 100% used [0x03e50000, 0x03ed0000, 0x03ed0000)
  to   space 512K,   0% used [0x03ed0000, 0x03ed0000, 0x03f50000)
 tenured generation   total 10944K, used 9064K [0x08f50000, 0x09a00000, 0x13a00000)
   the space 10944K,  82% used [0x08f50000, 0x0982a150, 0x0982a200, 0x09a00000)
 Metaspace       used 8566K, capacity 9117K, committed 9216K, reserved 9600K
}
Event: 27.586 GC heap before
{Heap before GC invocations=8 (full 0):
 def new generation   total 4928K, used 4928K [0x03a00000, 0x03f50000, 0x08f50000)
  eden space 4416K, 100% used [0x03a00000, 0x03e50000, 0x03e50000)
  from space 512K, 100% used [0x03e50000, 0x03ed0000, 0x03ed0000)
  to   space 512K,   0% used [0x03ed0000, 0x03ed0000, 0x03f50000)
 tenured generation   total 10944K, used 9064K [0x08f50000, 0x09a00000, 0x13a00000)
   the space 10944K,  82% used [0x08f50000, 0x0982a150, 0x0982a200, 0x09a00000)
 Metaspace       used 8678K, capacity 9228K, committed 9344K, reserved 9600K
Event: 27.725 GC heap after
Heap after GC invocations=9 (full 1):
 def new generation   total 9664K, used 0K [0x03a00000, 0x04470000, 0x08f50000)
  eden space 8640K,   0% used [0x03a00000, 0x03a00000, 0x04270000)
  from space 1024K,   0% used [0x04270000, 0x04270000, 0x04370000)
  to   space 1024K,   0% used [0x04370000, 0x04370000, 0x04470000)
 tenured generation   total 21296K, used 12777K [0x08f50000, 0x0a41c000, 0x13a00000)
   the space 21296K,  59% used [0x08f50000, 0x09bca510, 0x09bca600, 0x0a41c000)
 Metaspace       used 8672K, capacity 9211K, committed 9344K, reserved 9600K
}

