# JRE version: Java(TM) SE Runtime Environment (8.0_171-b11) (build 1.8.0_171-b11)
# Java VM: Java HotSpot(TM) Client VM (25.171-b11 mixed mode windows-x86 )
Heap:
 def new generation   total 9728K, used 1051K [0x03a00000, 0x04480000, 0x08f50000)
  eden space 8704K,  12% used [0x03a00000, 0x03b06cf0, 0x04280000)
  from space 1024K,   0% used [0x04280000, 0x04280000, 0x04380000)
  to   space 1024K,   0% used [0x04380000, 0x04380000, 0x04480000)
 tenured generation   total 21412K, used 12846K [0x08f50000, 0x0a439000, 0x13a00000)
   the space 21412K,  59% used [0x08f50000, 0x09bdb960, 0x09bdba00, 0x0a439000)
 Metaspace       used 8731K, capacity 9280K, committed 9344K, reserved 9600K
GC Heap History (10 events):
Event: 7.778 GC heap before
{Heap before GC invocations=4 (full 0):
 def new generation   total 4928K, used 4663K [0x03a00000, 0x03f50000, 0x08f50000)
  eden space 4416K,  99% used [0x03a00000, 0x03e4f3e0, 0x03e50000)
  from space 512K,  48% used [0x03e50000, 0x03e8eb38, 0x03ed0000)
  to   space 512K,   0% used [0x03ed0000, 0x03ed0000, 0x03f50000)
 tenured generation   total 10944K, used 2235K [0x08f50000, 0x09a00000, 0x13a00000)
   the space 10944K,  20% used [0x08f50000, 0x0917ed10, 0x0917ee00, 0x09a00000)
 Metaspace       used 7558K, capacity 8018K, committed 8064K, reserved 8576K
Event: 7.801 GC heap after
Heap after GC invocations=5 (full 0):
 def new generation   total 4928K, used 512K [0x03a00000, 0x03f50000, 0x08f50000)
  eden space 4416K,   0% used [0x03a00000, 0x03a00000, 0x03e50000)
  from space 512K, 100% used [0x03ed0000, 0x03f50000, 0x03f50000)
  to   space 512K,   0% used [0x03e50000, 0x03e50000, 0x03ed0000)
 tenured generation   total 10944K, used 3563K [0x08f50000, 0x09a00000, 0x13a00000)
   the space 10944K,  32% used [0x08f50000, 0x092cadb8, 0x092cae00, 0x09a00000)
 Metaspace       used 7558K, capacity 8018K, committed 8064K, reserved 8576K
}
Event: 10.945 GC heap before
{Heap before GC invocations=5 (full 0):
 def new generation   total 4928K, used 3783K [0x03a00000, 0x03f50000, 0x08f50000)
  eden space 4416K,  74% used [0x03a00000, 0x03d31db8, 0x03e50000)
  from space 512K, 100% used [0x03ed0000, 0x03f50000, 0x03f50000)
  to   space 512K,   0% used [0x03e50000, 0x03e50000, 0x03ed0000)
 tenured generation   total 10944K, used 3563K [0x08f50000, 0x09a00000, 0x13a00000)
   the space 10944K,  32% used [0x08f50000, 0x092cadb8, 0x092cae00, 0x09a00000)
 Metaspace       used 8115K, capacity 8657K, committed 8704K, reserved 9600K
Event: 10.979 GC heap after
Heap after GC invocations=6 (full 0):
 def new generation   total 4928K, used 511K [0x03a00000, 0x03f50000, 0x08f50000)
  eden space 4416K,   0% used [0x03a00000, 0x03a00000, 0x03e50000)
  from space 512K,  99% used [0x03e50000, 0x03ecffe0, 0x03ed0000)
  to   space 512K,   0% used [0x03ed0000, 0x03ed0000, 0x03f50000)
 tenured generation   total 10944K, used 4070K [0x08f50000, 0x09a00000, 0x13a00000)
   the space 10944K,  37% used [0x08f50000, 0x09349ae0, 0x09349c00, 0x09a00000)
 Metaspace       used 8115K, capacity 8657K, committed 8704K, reserved 9600K
}
Event: 11.310 GC heap before
{Heap before GC invocations=6 (full 0):
 def new generation   total 4928K, used 4927K [0x03a00000, 0x03f50000, 0x08f50000)
  eden space 4416K, 100% used [0x03a00000, 0x03e50000, 0x03e50000)
  from space 512K,  99% used [0x03e50000, 0x03ecffe0, 0x03ed0000)
  to   space 512K,   0% used [0x03ed0000, 0x03ed0000, 0x03f50000)
 tenured generation   total 10944K, used 4070K [0x08f50000, 0x09a00000, 0x13a00000)
   the space 10944K,  37% used [0x08f50000, 0x09349ae0, 0x09349c00, 0x09a00000)
 Metaspace       used 8130K, capacity 8689K, committed 8704K, reserved 9600K
Event: 11.340 GC heap after
Heap after GC invocations=7 (full 0):
 def new generation   total 4928K, used 68K [0x03a00000, 0x03f50000, 0x08f50000)
  eden space 4416K,   0% used [0x03a00000, 0x03a00000, 0x03e50000)
  from space 512K,  13% used [0x03ed0000, 0x03ee11b0, 0x03f50000)
  to   space 512K,   0% used [0x03e50000, 0x03e50000, 0x03ed0000)
 tenured generation   total 10944K, used 8778K [0x08f50000, 0x09a00000, 0x13a00000)
   the space 10944K,  80% used [0x08f50000, 0x097e2868, 0x097e2a00, 0x09a00000)
 Metaspace       used 8130K, capacity 8689K, committed 8704K, reserved 9600K
}
Event: 12.636 GC heap before
{Heap before GC invocations=7 (full 0):
 def new generation   total 4928K, used 3285K [0x03a00000, 0x03f50000, 0x08f50000)
  eden space 4416K,  72% used [0x03a00000, 0x03d245f8, 0x03e50000)
  from space 512K,  13% used [0x03ed0000, 0x03ee11b0, 0x03f50000)
  to   space 512K,   0% used [0x03e50000, 0x03e50000, 0x03ed0000)
 tenured generation   total 10944K, used 8778K [0x08f50000, 0x09a00000, 0x13a00000)
   the space 10944K,  80% used [0x08f50000, 0x097e2868, 0x097e2a00, 0x09a00000)
 Metaspace       used 8565K, capacity 9115K, committed 9216K, reserved 9600K
Event: 12.670 GC heap after
Heap after GC invocations=8 (full 0):
 def new generation   total 4928K, used 512K [0x03a00000, 0x03f50000, 0x08f50000)
  eden space 4416K,   0% used [0x03a00000, 0x03a00000, 0x03e50000)
  from space 512K, 100% used [0x03e50000, 0x03ed0000, 0x03ed0000)
  to   space 512K,   0% used [0x03ed0000, 0x03ed0000, 0x03f50000)
 tenured generation   total 10944K, used 9091K [0x08f50000, 0x09a00000, 0x13a00000)
   the space 10944K,  83% used [0x08f50000, 0x09830d50, 0x09830e00, 0x09a00000)
 Metaspace       used 8565K, capacity 9115K, committed 9216K, reserved 9600K
}
Event: 15.175 GC heap before
{Heap before GC invocations=8 (full 0):
 def new generation   total 4928K, used 4928K [0x03a00000, 0x03f50000, 0x08f50000)
  eden space 4416K, 100% used [0x03a00000, 0x03e50000, 0x03e50000)
  from space 512K, 100% used [0x03e50000, 0x03ed0000, 0x03ed0000)
  to   space 512K,   0% used [0x03ed0000, 0x03ed0000, 0x03f50000)
 tenured generation   total 10944K, used 9091K [0x08f50000, 0x09a00000, 0x13a00000)
   the space 10944K,  83% used [0x08f50000, 0x09830d50, 0x09830e00, 0x09a00000)
 Metaspace       used 8699K, capacity 9246K, committed 9344K, reserved 9600K
Event: 15.294 GC heap after
Heap after GC invocations=9 (full 1):
 def new generation   total 9728K, used 0K [0x03a00000, 0x04480000, 0x08f50000)
  eden space 8704K,   0% used [0x03a00000, 0x03a00000, 0x04280000)
  from space 1024K,   0% used [0x04280000, 0x04280000, 0x04380000)
  to   space 1024K,   0% used [0x04380000, 0x04380000, 0x04480000)
 tenured generation   total 21412K, used 12846K [0x08f50000, 0x0a439000, 0x13a00000)
   the space 21412K,  59% used [0x08f50000, 0x09bdb960, 0x09bdba00, 0x0a439000)
 Metaspace       used 8695K, capacity 9233K, committed 9344K, reserved 9600K
}

